[   0.0000] Iniaizng cgroup subsys cpuset
[    0.000000] Initializing cgroup subsys cpu
[    0.000000] Initializing cgroup subsys cpuacct
[    0.000000] Linux version 4.4.0-210-generic (buildd@lgw01-amd64-009) (gcc version 5.4.0 20160609 (Ubuntu 5.4.0-6ubuntu1~16.04.12) ) #242-Ubuntu SMP Fri Apr 16 09:57:56 UTC 2021 (Ubuntu 4.4.0-210.242-generic 4.4.262)
[    0.000000] Command line: BOOT_IMAGE=/boot/vmlinuz-4.4.0-210-generic root=LABEL=cloudimg-rootfs ro console=tty1 console=ttyS0
[    0.000000] KERNEL supported cpus:
[    0.000000]   Intel GenuineIntel
[    0.000000]   AMD uthenticAMD
[    0.000000]   Centaur CentauHauls
[    0.000000] x86/fpu: xstate_offset[2]:  576, xstate_sizes[2]:  256
[    0.000000] x86/fpu: Supporting XSAVE feature 0x01: 'x87 floating point registers'
[    0.000000] x86/fpu: Supporting XSAVE feature 0x02: 'SSE registers'
[    0.00000] x86/fpu: Supporting XSAVE feature 0x04: 'AVX registers'
[    0.000000] x86/fpu: Enabled xstate features 0x7, context size is 832 bytes, using 'standard' format.
[    0.000000] e820: BIOS-provided physical RAM map:
[    0.000000] BIOS-e820: [mem 0x000000000000000-0x000000000009fbff] usable
[    0.000000] BIOS-e820: [mem 0x000000000009fc00-0x000000000009ffff] reserved
[    0.000000] BIOS-e820: [mem 0x00000000000f0000-0x00000000000fffff] reserved
[    0.000000] BIOS-e820: [mem 0x0000000000100000-0x000000007ffeffff] usable
[    0.000000] BIOS-e820: [mem 0x000000007fff0000-0x000000007fffffff] ACPI data
[    0.000000] BIOS-e820: [mem 0x00000000fec00000-0x00000000fec00fff] reserved
[    0.000000] BIOS-e820: [mem 0x00000000fee00000-0x00000000fee00fff] reserved
[    0.000000] BIOS-e820: [mem 0x00000000fffc0000-0x00000000ffffffff] reserved
[    0.000000] NX (Execute Disable) protection: active
[    0.000000] SMBIOS 2.5 present.
[    0.000000] Hypervisor detected: KVM
[    0.000000] e820: last_pfn = 0x7fff0 max_arch_pfn = 0x400000000
[    0.000000] MTRR: Disabled
[    0.000000] x86/PAT: MTRRs disabled, skipping PAT initialization too.
[    0.000000] CPU MTRRs all blank - virtualized system.
[    0.000000] x86/PAT: Configuration [0-7]: WB  WT  UC- UC  WB  WT  UC- UC  
[    0.000000] found SMP MP-table at [mem 0x0009fff0-0x0009ffff] mapped at [ffff88000009fff0]
[    0.000000] Scanning 1 areas for low memory corruption
[    0.000000] RAMDISK: [mem 0x362dc000-0x37165fff]
[    0.000000] ACPI: Early table checksum verification disabled
[    0.000000] ACPI: RSDP 0x00000000000E0000 000024 (v02 VBOX  )
[    0.000000] ACPI: XSDT 0x000000007FFF0030 00003C (v01 VBOX   VBOXXSDT 00000001 ASL  00000061)
[    0.000000] ACPI: FACP 0x000000007FFF00F0 0000F4 (v04 VBOX   VBOXFACP 00000001 ASL  00000061)
[    0.000000] ACPI: DSDT 0x000000007FFF0470 0021FF (v02 VBOX   VBOXBIOS 00000002 INTL 20180105)
[    0.000000] ACPI: FACS 0x000000007FFF0200 000040    0.000000] ACPI: FACS 0x000000007FFF0200 000040
[    0.000000] ACPI: APIC 0x000000007FFF0240 00005C (v02 VBOX   VBOXAPIC 00000001 ASL  00000061)
[    0.000000] ACPI: SSDT 0x000000007FFF02A0 0001CC (v01 VBOX   VBOXCPUT 00000002 INTL 20180105)
[    0.000000] No NUMA configuration found
[    0.000000] Faking a node at [mem 0x0000000000000000-0x000000007ffeffff]
[    0.000000] NODE_DATA(0) allocated [mem 0x7ffeb000-0x7ffeffff]
[    0.000000] kvm-clock: Using msrs 4b564d01 and 4b564d00
[    0.000000] kvm-clock: cpu 0, msr 0:7ffe3001, primary cpu clock
[    0.000000] kvm-clock: using sched offset of 3135712358 cycles
[    0.000000] clocksource: kvm-clock: mask: 0xffffffffffffffff max_cycles: 0x1cd42e4dffb, max_idle_ns: 881590591483 ns
[    0.000000] Zone ranges:
[    0.000000]   DMA      [mem 0x0000000000001000-0x0000000000ffffff]
[    0.000000]   DMA32    [mem 0x0000000001000000-0x000000007ffeffff]
[    0.000000]   Normal   empty
[    0.000000]   Device   empty
[    0.000000] Movable zone start for each node
[    0.000000] Early memory node ranges
[    0.000000]   node   0: [mem 0x000000000001000-0x000000000009efff]
[    0.000000]   node   0: [mem 0x0000000000100000-0x000000007ffeffff]
[    0.000000] Initmem setup node 0 [mem 0x0000000000001000-0x000000007ffeffff]
[    0.000000] ACPI: PM-Timer IO Port: 0x40
[    0.000000] IOAPIC[0]: apic_id 2, version 32, address 0xfec00000, GSI 0-23
[    0.000000] ACPI: INT_SRC_OVR (bus 0 bus_irq 0 global_irq 2 dfl dfl)
[    0.000000] ACPI: INT_SRC_OVR (bus 0 bus_irq 9 global_irq 9 low level)
[    0.000000] Using ACPI (MADT) for SMP configuration infmation
[    0.000000] smpboot: Allowing 2 CPUs, 0 hotplug CPUs
[    0.000000] M: Rgiered nosave memory: [mem 0x00000000-0x00000fff]
[    0.000000] PM: Registered nosave memory: [mem 0x0009f000-0x0009ffff]
[    0.000000] PM: Registered nosave memory: [mem 0x000a0000-0x000effff]
[    0.000000] PM: Registered nosave memory: [mem 0x000f0000-0x000fffff]
[    0.000000] e820: [mem 0x80000000-0xfebfffff] available for PCI devices
[    0.000000] Booting paravirtualized kernel on KVM
[    0.000000] clocksource: refined-jiffies: mask: 0xffffffff max_cycles: 0xffffffff, max_idle_ns: 7645519600211568 ns
[    0.000000] setup_percpu: NR_CPUS:512 nr_cpumask_bits:512 nr_cpu_ids:2 nr_node_ids:1
[    0.000000] PERCPU: Embedded 33 pages/cpu @ffff88007fc00000 s95192 r8192 d31784 u1048576
[    0.000000] Built 1 zonelists in Node order, mobility grouping on.  Total pages: 515960
[    0.000000] Policy zone: DMA32
[    0.000000] Kernel command line: BOOT_IMAGE=/boot/vmlinuz-4.4.0-210-generic root=LABEL=cloudg-rootfs ro console=tty1 console=ttyS0
[    0.000000] PID hash table entries: 4096 (order: 3, 32768 bytes)
[    0.000000] Memory: 2029984K/2096696K available (8644K kernel code, 1332K rwdata, 4044K rodata, 1492K init, 1164K bss, 66712K resserved, 0K cma-reserved)
[    0.000000] SLUB: HWalign=64, Order=0-3, MinObjects=0, CPUs=2, Nodes=1
[    0.000000] Kernel/User page tables isolation: enabled
[    0.000000] Hierarchical RCU implementation.
[    0.000000] 	Build-time adjustment of leaf fanout to 64.
[    0.000000] 	RCU restricting CPUs from NR_CPUS=512 to nr_cpu_ids=2.
[    0.000000] RCU: Adjusting geometry for rcu_fanout_leaf=64, nr_cpid=2
[    0.000000] NR_IRQS:33024 nr_irqs:440 16
[    0.000000] Console: colour VGA+ 80x25
[    0.000000] console [tty1] enabled
[    0.000000] conse tyS0] abd
[    0.000000] tsc: Detected 2207.994 MHz processor
[    0.567589] Calibrating delay loop (skipped) preset value.. 4415.98 BogoMIPS (lpj=8831976)
[    0.579299] pid_max: default: 32768 minimum: 301
[    0.583506] ACPI: Core revision 20150930
[    0.616557] ACPI: 2 ACPI AML tables successfully acquired and loaded
[    0.617518] Security Framework initialized
[    0.618125] Yama: becoming mindful.
[    0.618669] AppArmor: AppArmor initialized
[    0.619775] Dentry cache hash table entries: 262144 (order: 9, 2097152 bytes)
[    0.621007] Inode-cache hash table entries: 131072 (order: 8, 1048576 bytes)
[    0.622471] Mount-cache hash table entries: 4096 (order: 3, 32768 bytes)
[    0.623343] Mountpoint-cache hash table entries: 4096 (order: 3, 32768 bytes)
[    0.625544] Initializing cgroup subsys io
[    0.626133] Initializing cgroup subsys memory
[    0.626755] Initializing cgroup subsys devices
[    0.627397] Initializing cgroup subsys freezer
[    0.628031] Initializing cgroup subsys net_cls
[    0.628658] Initializing cgroup subsys perf_event
[    0.629313] Initializing cgroup subsys net_prio
[    0.629948] Initializing cgroup subsys hugetlb
[    0.630578] Initializing cgroup subsys pids
[    0.632268] mce: CPU supports 0 MCE banks
[    0.632883] Last level iTLB entries: 4KB 64, 2MB 8, 4MB 8
[    0.633609] Last level dTLB entries: 4KB 64, 2MB 0, 4MB 0, 1GB 4
[    0.634403] Spectre V1 : Mitigation: usercopy/swapgs barriers and __user pointer sanitization
[    0.635594] Spectre V2 : Mitigation: Full generic retpoline
[    0.641598] Spectre V2 : Spectre v2 / SpectreRSB mitigation: Filling RSB on context switch
[    0.642745] Speculative Store Bypass: Vulnerable
[    0.643402] SRBDS: Unknown: Dependent on hypervisor status
[    0.644198] MDS: Mitigation: Clear CPU buffers
[    0.646571] Freeing SMP alternatives memory: 36K
[    0.651049] ftrace: allocating 32380 entries in 127 pages
[    0.692496] smpboot: APIC(0) Converting physical 0 to logical package 0
[    0.795316] smpboot: Max logical packages: 1
[    0.814137] x2apic enabled
[    0.814767] Switched APIC routing to physical x2apic.
[    0.816444] ..TIMER: vector=0x30 apic1=0 pin1=2 apic2=-1 pin2=-1
[    0.930625] smpboot: CPU0: Intel(R) Core(TM) i5-10310U CPU @ 1.70GHz (family: 0x6, model: 0x8e, stepping: 0xc)
[    0.956219] Performance Events: unsupported p6 CPU model 142 no PMU driver, software events only.
[    0.965125] KVM setup paravirtual spinlock
[    0.966641] x86: Booting SMP configuration:
[    0.967280] .... node  #0, CPUs:      #1
[    0.967943] kvm-clock: cpu 1, msr 0:7ffe3041, secondary cpu clock
[    0.969551] mce: CPU supports 0 MCE banks
[    0.971920] x86: Booted up 1 node, 2 CPUs
[    0.972652] smpboot: Total of 2 processors activated (8831.97 BogoMIPS)
[    0.973761] devtmpfs: initialized
[    0.975831] evm: security.selinux
[    0.976360] evm: security.SMACK64
[    0.976879] evm: security.SMACK64EXEC
[    0.977430] evm: security.SMACK64TRANSMUTE
[    0.978029] evm: security.SMACK64MMAP
[    0.978582] evm: security.ima
[    0.980122] evm: security.capability
[    0.980778] clocksource: jiffies: mask: 0xffffffff max_cycles: 0xffffffff, max_idle_ns: 7645041785100000 ns
[    0.982087] futex hash table entries: 512 (order: 3, 32768 bytes)
[    0.982970] pinctrl core: initialized pinctrl subsystem
[    0.983759] RTC time: 10:13:33, date: 12/12/21
[    0.984506] NET: Registered protocol family 16
[    0.994960] cpuidle: using governor ladder
[    1.007376] cpuidle: using governor menu
[    1.009018] PCCT header not found.
[    1.009554] ACPI: bus type PCI registered
[    1.010101] acpiphp: ACPI Hot Plug PCI Controller Driver version: 0.5
[    1.010946] PCI: Using configuration type 1 for base access
[    1.027320] ACPI: Added _OSI(Module Device)
[    1.029008] ACPI: Added _OSI(Processor Device)
[    1.029639] ACPI: Added _OSI(3.0 _SCP Extensions)
[    1.030295] ACPI: Added _OSI(Processor Aggregator Device)
[    1.031541] ACPI: Executed 1 blocks of module-level executable AML code
[    1.034313] ACPI: Interpreter enabled
[    1.034911] ACPI: (supports S0 S5)
[    1.035434] ACPI: Using IOAPIC for interrupt routing
[    1.037221] PCI: Using host bridge windows from ACPI; if necessary, use "pci=nocrs" and report a bug
[    1.041052] ACPI: PCI Root Bridge [PCI0] (domain 0000 [bus 00-ff])
[    1.041891] acpi PNP0A03:00: _OSC: OS supports [ASPM ClockPM Segments MSI]
[    1.053327] acpi PNP0A03:00: _OSC: not requesting OS control; OS requires [ExtendedConfig ASPM ClockPM MSI]
[    1.055902] acpi PNP0A03:00: fail to add MMCONFIG information, can't access extended PCI configuration space under this bridge.
[    1.057584] PCI host bridge to bus 0000:00
[    1.058180] pci_bus 0000:00: root bus resource [io  0x0000-0x0cf7 window]
[    1.060121] pci_bus 0000:00: root bus resource [io  0x0d00-0xffff window]
[    1.061002] pci_bus 0000:00: root bus resource [mem 0x000a0000-0x000bffff window]
[    1.062068] pci_bus 0000:00: root bus resource [mem 0x80000000-0xfdffffff window]
[    1.063144] pci_bus 0000:00: root bus resource [bus 00-ff]
[    1.065098] pci 0000:00:01.1: legacy IDE quirk: reg 0x10: [io  0x01f0-0x01f7]
[    1.067460] pci 0000:00:01.1: legacy IDE quirk: reg 0x14: [io  0x03f6]
[    1.069330] pci 0000:00:01.1: legacy IDE quirk: reg 0x18: [io  0x0170-0x0177]
[    1.077039] pci 0000:00:01.1: legacy IDE quirk: reg 0x1c: [io  0x0376]
[    1.119167] pci 0000:00:07.0: quirk: [io  0x4000-0x403f] claimed by PIIX4 ACPI
[    1.126654] pci 0000:00:07.0: quirk: [io  0x4100-0x410f] claimed by PIIX4 SMB
[    1.155863] ACPI: PCI Interrupt Link [LNKA] (IRQs 5 9 10 *11)
[    1.162894] ACPI: PCI Interrupt Link [LNKB] (IRQs 5 9 *10 11)
[    1.164317] ACPI: PCI Interrupt Link [LNKC] (IRQs 5 *9 10 11)
[    1.165670] ACPI: PCI Interrupt Link [LNKD] (IRQs 5 9 10 *11)
[    1.172354] ACPI: Enabled 2 GPEs in block 00 to 07
[    1.173941] vgaarb: setting as boot device: PCI:0000:00:02.0
[    1.176147] vgaarb: device added: PCI:0000:00:02.0,decodes=io+mem,owns=io+mem,locks=none
[    1.178777] vgaarb: loaded
[    1.179378] vgaarb: bridge control possible 0000:00:02.0
[    1.180541] SCSI subsystem initialized
[    1.181384] ACPI: bus type USB registered
[    1.182112] usbcore: registered new interface driver usbfs
[    1.188328] usbcore: registered new interface driver hub
[    1.189204] usbcore: registered new device driver usb
[    1.190353] PCI: Using ACPI for IRQ routing
[    1.204591] NetLabel: Initializing
[    1.215870] NetLabel:  domain hash size = 128
[    1.223298] NetLabel:  protocols = UNLABELED CIPSOv4
[    1.225247] NetLabel:  unlabeled traffic allowed by default
[    1.236960] amd_nb: Cannot enumerate AMD northbridges
[    1.237934] clocksource: Switched to clocksource kvm-clock
[    1.245090] AppArmor: AppArmor Filesystem Enabled
[    1.245996] pnp: PnP ACPI init
[    1.247245] pnp: PnP ACPI: found 3 devices
[    1.256992] clocksource: acpi_p: mask: 0xffffff max_cycles: 0xffffff, max_idle_ns: 2085701024 ns
[  1.2800]ET: Registered protocol family 2

[    1.413783] TCP established hash table entries: 16384 (order: 5, 131072 bytes)
[    1.436847] TCP bind hash table entries: 16384 (order: 6, 262144 bytes)
[    1.437885] TCP: Hash tables configured (established 16384 bind 16384)
[    1.438910] UDP hash table entries: 1024 (order: 3, 32768 bytes)
[    1.461946] UDP-Lite hash table entries: 1024 (order: 3, 32768 bytes)
[    1.462996] NET: Registered protocol family 1
[    1.463754] pci 0000:00:00.0: Limiting direct PCI/PCI transfers
[    1.464691] pci 0000:00:01.0: Activating ISA DMA hang workarounds
[    1.465955] Unpacking initramfs...

[    1.687915] Freeing inttrdmmemory: 14888K
[    1.907783] clocksource: tsc: mask: 0xffffffffffffffff max_cycles: 0x1fd3b2aac51, max_idle_ns: 440795280813 ns
[    1.915684] platform rtc_cmos: registered platform RTC device (no PNP device found)
[    1.916812] Scanning for low memory corruption every 60 seconds
[    1.917858] audit: initializing netlink subsys (disabled)
[    1.918618] audit: type=2000 audit(1639304018.022:1): initialized
[    1.919609] Initialise system trusted keyring
[    1.920344] HugeTLB registered 2 MB page size, pre-allocated 0 pages
[    1.922097] zbud: loaded
[    1.922810] VFS: Disk quotas dquot_6.6.0
[    1.965448] VFS: Dquot-cache hash table entries: 512 (order 0, 4096 bytes)
[    1.966751] squashfs: version 4.0 (2009/01/31) Phillip Lougher
[    1.967900] fuse init (API version 7.23)
[    1.968602] Key type big_key registered
[    1.969204] Allocating IMA MOK and blacklist keyrings.
[    1.970638] Key type asymmetric registered
[    1.971239] Asymmetric key parser 'x509' registered
[    1.971959] Block layer SCSI generic (bsg) driver version 0.4 loaded (major 249)
[    1.973093] io scheduler noop registered
[    1.973696] io scheduler deadline registered (default)
[    1.974652] io scheduler cfq registered
[    1.975520] pci_hotplug: PCI Hot Plug PCI Core version: 0.5
[    1.976310] pciehp: PCI Express Hot Plug Controller Driver version: 0.4
[    1.977341] ACPI: AC Adaptrr [AC] (on-line)
[    2.066463] input: Power Button as /devices/LNXSYSTM:00/LNXPWRBN:00/input/input0
[    2.067556] ACPI: Power Button [PWRF]
[    2.068171] input: Sleep Button as /devices/LNXSYSTM:00/LNXSLPBN:00/input/input1
[    2.148445] ACPI: Sleep Button [SLPF]
[    2.158478] ACPI: Battery Slot [BAT0] (battery present)
[    2.159267] GHES: HEST is not enabled!
[    2.159993] Serial: 8250/16550 driver, 32 ports, IRQ sharing enabled
[    2.182413] 00:02: ttyS0 at I/O 0x3f8 (irq = 4, base_baud = 115200) is a 16550A
[    2.206323] Linux agpgart interface v0.103
[   22.212814] loop: module loaded
[    2.233901] scsi host0: ata_piix
[    2.234543] scsi host1: ata_piix
[    2.235076] ata1: PATA max UDMA/33 cmd 0x1f0 ctl 0x3f6 bmdma 0xd000 irq 14
[    2.235961] ata2: PATA max UDMA/33 cmd 0x170 ctl 0x376 bmdma 0xd008 irq 15
[    2.237090] libphy: Fixed MDIO Bus: probed
[    2.237701] tun: Universal TUN/TAP device driver, 1.6
[    2.238419] tun: (C) 1999-2004 Max Krasnyansky <maxk@qualcomm.com>
[    2.255541] PPP generic driver version 2.4.2
[    2.256220] ehci_hcd: USB 2.0 'Enhanced' Host Controller (EHCI) Driver
[    2.257113] ehci-pci: EHCI PCI platform driver
[    2.257874] ehci-platform: EHCI generic platform driver
[    2.258656] ohci_hcd: USB 1.1 'Open' Host Controller (OHCI) Driver
[    2.259633] ohci-pci: OHCI PCI platform driver
[    2.260430] ohci-platform: OHCI generic platform driver
[    2.261246] uhci_hcd: USB Universal Host Controller Interface driver
[    2.262127] i8042: PNP: PS/2 Controller [PNP0303:PS2K,PNP0f03:PS2M] at 0x60,0x64 irq 1,12
[    2.263735] serio: i8042 KBD port at 0x60,0x64 irq 1
[    2.264424] serio: i8042 AUX port at 0x60,0x64 irq 12
[    2.265232] mousedev: PS/2 mouse device common for all mice
[    2.266416] input: AT Translated Set 2 keyboard as /devices/platform/i8042/serio0/input/input2
[    2.278041] rtc_cmos rtc_cmos: rtc core: registered rtc_cmos as rtc0
[    2.280016] rtc_cmos rtc_cmos: alarms up to one day, 114 bytes nvram
[    2.282043] i2c /dev entries driver
[    2.282754] device-mapper: uevent: version 1.0.3
[    2.283693] device-mapper: ioctl: 4.34.0-ioctl (2015-10-28) initialised: dm-devel@redhat.com
[    2.287073] ledtrig-cpu: registered to indicate activity on CPUs
[    2.291131] NET: Registered protocol family 10
[    2.292140] NET: Registered protocol family 17
[    2.292805] Key type dns_resolver registered
[    2.293787] registered taskstats version 1
[    2.294443] Loading compiled-in X.509 certificates
[    2.295566] Loaded X.509 cert 'Build time autogenerated kernel key: cf00e047681d67edb2720680708b7d9498083038'
[    2.296944] zswap: loaded using pool lzo/zbud
[    2.298892] Key type trusted registered
[    2.301559] Key type encrypted registered
[    2.302168] AppArmor: AppArmor sha1 policy hashing enabled
[    2.302900] ima: No TPM chip found, activating TPM-bypass!
[    2.303633] ima: Allocated hash algorithm: sha1
[    2.304285] evm: HMAC attrs: 0x1
[    2.305003]   Magic number: 1:167:224
[    2.305615] rtc_cmos rtc_cmos: setting system clock to 2021-12-12 10:13:34 UTC (1639304014)
[    2.306871] BIOS EDD facility v0.16 2004-Jun-25, 0 devices found
[    2.307666] EDD information not available.
[    2.391239] Freeing unused kernel memory: 1492K
[    2.392077] Write protecting the kernel read-only data: 14336k
[    2.394951] Freeing unused kernel memory: 1584K
[    2.395917] Freeing unused kernel memory: 52K
Loading, please [    2.408153] random: systemd-udevd: uninitialized urandom read (16 bytes read, 3 bits of entropy available)
wait...
starting version 229
[    2.408797] random: udevadm: uninitialized urandom read (16 bytes read, 3 bits of entropy available)
[    2.408818] random: udevadm: uninitialized urandom read (16 bytes read, 3 bits of entropy available)
[    2.416688] random: udevadm: uninitialized urandom read (16 bytes read, 3 bits of entropy available)
[    2.416740] random: udevadm: uninitialized urandom read (16 bytes read, 3 bits of entropy available)
[    2.416889] random: udevadm: uninitialized urandom read (16 bytes read, 3 bits of entropy available)
[    2.416940] random: udevadm: uninitialized urandom read (16 bytes read, 3 bits of entropy available)
[    2.416985] random: udevadm: uninitialized urandom read (16 bytes read, 3 bits of entropy available)
[    2.417042] random: udevadm: uninitialized urandom read (16 bytes read, 3 bits of entropy available)
[    2.417097] random: udevadm: uninitialized urandom read (16 bytes read, 3 bits of entropy available)
[    2.484151] e1000: Intel(R) PRO/1000 Network Driver - version 7.3.21-k8-NAPI
[    2.499986] e1000: Copyright (c) 1999-2006 Intel Corporation.
[    2.507229] Fusion MPT base driver 3.04.20
[    2.507947] Copyright (c) 1999-2008 LSI Corporation
[    2.593549] Fusion MPT SPI Host driver 3.04.20
[    2.646039] AVX2 version of gcm_enc/dec engaged.
[    2.662441] AES CTR mode by8 optimization enabled
[    2.844087] input: ImExPS/2 Generic Explorer Mouse as /devices/platform/i8042/serio1/input/input4
[    2.969762] e1000 0000:00:03.0 eth0: (PCI:33MHz:32-bit) 02:be:82:6b:cc:1d
[    2.970971] e1000 0000:00:03.0 eth0: Intel(R) PRO/1000 Network Connection
[    3.709544] e1000 0000:00:08.0 eth1: (PCI:33MHz:32-bit) 08:00:27:aa:c6:b2
[    3.710809] e1000 0000:00:08.0 eth1: Intel(R) PRO/1000 Network Connection
[    3.713291] e1000 0000:00:03.0 enp0s3: renamed from eth0
[    3.714815] mptbase: ioc0: Initiating bringup
[    3.726302] e1000 0000:00:08.0 enp0s8: renamed from eth1
[    3.786199] ioc0: LSI53C1030 A0: Capabilities={Initiator}
[    3.947445] scsi host2: ioc0: LSI53C1030 A0, FwRev=00000000h, Ports=1, MaxQ=256, IRQ=20
[    4.058293] scsi 2:0:0:0: Direct-Access     VBOX     HARDDISK         1.0  PQ: 0 ANSI: 5
[    4.060038] scsi target2:0:0: Beginning Domain Validation
[    4.063745] scsi target2:0:0: Domain Validation skipping write tests
[    4.065082] scsi target2:0:0: Ending Domain Validation
[    4.066303] scsi target2:0:0: asynchronous
[    4.067749] scsi 2:0:1:0: Direct-Access     VBOX     HARDDISK         1.0  PQ: 0 ANSI: 5
[    4.084976] scsi target2:0:1: Beginning Domain Validation
[    4.667022] scsi target2:0:1: Domain Validation skipping write tests
[    4.668023] scsi target2:0:1: Ending Domain Validation
[    4.668950] scsi target2:0:1: asynchronous
[    4.675217] sd 2:0:0:0: [sda] 83886080 512-byte logical blocks: (42.9 GB/40.0 GiB)
[    4.682162] sd 2:0:0:0: Attached scsi generic sg0 type 0
[    4.683447] sd 2:0:1:0: [sdb] 20480 512-byte logical blocks: (10.5 MB/10.0 MiB)
[    4.684888] sd 2:0:0:0: [sda] Write Protect is off
[    4.686001] sd 2:0:1:0: [sdb] Write Protect is off
[    4.687013] sd 2:0:1:0: Attached scsi generic sg1 type 0
[    4.688001] sd 2:0:1:0: [sdb] Incomplete mode parameter data
[    4.689065] sd 2:0:1:0: [sdb] Assuming drive cache: write through
[    4.690243] sd 2:0:0:0: [sda] Incomplete mode parameter data
[    4.695545] sd 2:0:0:0: [sda] Assuming drive cache: write through
[    4.702506] sd 2:0:1:0: [sdb] Attached SCSI disk
[    4.729757]  sda: sda1
[    4.730951] sd 2:0:0:0: [sda] Attached SCSI disk
Begin: Loading essential drivers ... [    6.037735] md: linear personality registered for level -1
[    6.040502] md: multipath personality registered for level -4
[    6.043637] md: raid0 personality registered for level 0
[    6.048288] md: raid1 personality registered for level 1
[    6.134991] raid6: sse2x1   gen()  9897 MB/s
[    6.225721] raid6: sse2x1   xor()  6806 MB/s
[    6.307736] raid6: sse2x2   gen() 12882 MB/s
[    6.374961] raid6: sse2x2   xor()  8748 MB/s
[    6.444989] raid6: sse2x4   gen() 13440 MB/s
[    6.554983] raid6: sse2x4   xor()  9079 MB/s
[    6.644976] raid6: avx2x1   gen() 20525 MB/s
[    6.734979] raid6: avx2x2   gen() 23932 MB/s
[    6.844980] raid6: avx2x4   gen() 28782 MB/s
[    6.875735] raid6: using algorithm avx2x4 gen() 28782 MB/s
[    6.879007] raid6: using avx2x2 recovery algorithm
[    6.884724] xor: automatically using best checksumming function:
[    6.933963]    avx       : 21670.000 MB/sec
[    6.941887] async_tx: api initialized (async)
[    6.952354] md: raid6 personality registered for level 6
[    6.953528] md: raid5 personality registered for level 5
[    6.954468] md: raid4 personality registered for level 4
[    6.961474] md: raid10 personality registered for level 10
done.
Begin: Running /scripts/init-premount ... done.
Begin: Mounting root file system ... Begin: Running /scripts/local-top ... done.
Begin: Running /scripts/local-premount ... [    6.990896] Btrfs loaded
Scanning for Btrfs filesystems
done.
Warning: fsck not present, so skipping root file[    7.015445] EXT4-fs (sda1): mounted filesystem with ordered data mode. Opts: (null)
 system
done.
Begin: Running /scripts/local-bottom ... done.
Begin: Running /scripts/init-bottom ... done.
[    7.099138] systemd[1]: systemd 229 running in system mode. (+PAM +AUDIT +SELINUX +IMA +APPARMOR +SMACK +SYSVINIT +UTMP +LIBCRYPTSETUP +GCRYPT +GNUTLS +ACL +XZ -LZ4 +SECCOMP +BLKID +ELFUTILS +KMOD -IDN)
[    7.102122] systemd[1]: Detected virtualization oracle.
[    7.103195] systemd[1]: Detected architecture x86-64.

Welcome to [1mUbuntu 16.04.7 LTS[0m!

[    7.106050] systemd[1]: Set hostname to <ubuntu>.
[    7.108209] systemd[1]: Initializing machine ID from random generator.
[    7.109375] systemd[1]: Installed transient /etc/machine-id file.
[    7.225670] systemd[1]: Listening on Journal Socket.
[[0;32m  OK  [0m] Listening on Journal Socket.
[    7.227624] systemd[1]: Set up automount Arbitrary Executable File Formats File System Automount Point.
[[0;32m  OK  [0m] Set up automount Arbitrary Executab...ats File System Automount Point.
[    7.247239] systemd[1]: Reached target Swap.
[[0;32m  OK  [0m] Reached target Swap.
[    7.266436] systemd[1]: Started Trigger resolvconf update for networkd DNS.
[[0;32m  OK  [0m] Started Trigger resolvconf update for networkd DNS.
[    7.268703] systemd[1]: Created slice System Slice.
[[0;32m  OK  [0m] Created slice System Slice.
[    7.282106] systemd[1]: Mounting Debug File System...
         Mounting Debug File System...
[    7.285044] systemd[1]: Starting Load Kernel Modules...
         Starting Load Kernel Modules...
[    7.288050] systemd[1]: Created slice system-serial\x2dgetty.slice.
[[0;32m  OK  [0m] Created slice system-serial\x2dgetty.slice.
[    7.290336] systemd[1]: Listening on Journal Socket (/dev/log).
[    7.294771] Loading iSCSI transport class v2.0-870.
[[0;32m  OK  [0m] Listening on Journal Socket (/dev/log).
[    7.296262] systemd[1]: Listening on LVM2 poll daemon socket.
[[0;32m  OK  [0m] Listening on LVM2 poll daemon socket.
[    7.298146] systemd[1]: Listening on udev Control Socket.
[[0;32m  OK  [0m] Listening on udev Control Socket.
[    7.300048] systemd[1]: Reached target User and Group Name Lookups.
[[0;32m  OK  [0m] Reached target User and Group Name Lookups.
[    7.301945] systemd[1]: Started Forward Password Requests to Wall Directory Watch.
[[0;32m  OK  [0m] Started Forward Password Requests to Wall Directory Watch.
[    7.304347] systemd[1]: Listening on Journal Audit Socket.
[    7.305330] iscsi: registered transport (tcp)
[[0;32m  OK  [0m] Listening on Journal Audit Socket.
[    7.312042] systemd[1]: Listening on /dev/initctl Compatibility Named Pipe.
[[0;32m  OK  [0m] Listening on /dev/initctl Compatibility Named Pipe.
[    7.314165] systemd[1]: Listening on Device-mapper event daemon FIFOs.
[[0;32m  OK  [0m] Listening on Device-mapper event daemon FIFOs.
[    7.323130] systemd[1]: Listening on udev Kernel Socket.
[[0;32m  OK  [0m] Listening on udev Kernel Socket.
[    7.338636] iscsi: registered transport (iser)
[    7.346132] systemd[1]: Starting Create list of required static device nodes for the current kernel...
         Starting Create list of required st... nodes for the current kernel...
[    7.350335] systemd[1]: Listening on LVM2 metadata daemon socket.
[[0;32m  OK  [0m] Listening on LVM2 metadata daemon socket.
[    7.352812] systemd[1]: Starting Monitoring of LVM2 mirrors, snapshots etc. using dmeventd or progress polling...
         Starting Monitoring of LVM2 mirrors... dmeventd or progress polling...
[    7.356999] systemd[1]: Listening on fsck to fsckd communication Socket.
[[0;32m  OK  [0m] Listening on fsck to fsckd communication Socket.
[    7.367146] systemd[1]: Starting File System Check on Root Device...
         Starting File System Check on Root Device...
[    7.369898] systemd[1]: Starting Set console keymap...
         Starting Set console keymap...
[    7.371939] systemd[1]: Reached target System Time Synchronized.
[[0;32m  OK  [0m] Reached target System Time Synchronized.
[    7.375226] systemd[1]: Reached target Encrypted Volumes.
[[0;32m  OK  [0m] Reached target Encrypted Volumes.
[    7.385867] systemd[1]: Starting Nameserver information manager...
         Starting Nameserver information manager...
[    7.390694] systemd[1]: Mounting Huge Pages File System...
         Mounting Huge Pages File System...
[    7.418654] systemd[1]: Starting Uncomplicated firewall...
         Starting Uncomplicated firewall...
[    7.420871] systemd[1]: Mounting POSIX Message Queue File System...
         Mounting POSIX Message Queue File System...
[    7.423835] systemd[1]: Created slice User and Session Slice.
[[0;32m  OK  [0m] Created slice User and Session Slice.
[    7.425839] systemd[1]: Reached target Slices.
[[0;32m  OK  [0m] Reached target Slices.
[    7.436810] systemd[1]: Listening on Syslog Socket.
[[0;32m  OK  [0m] Listening on Syslog Socket.
[    7.454120] systemd[1]: Starting Journal Service...
         Starting Journal Service...
[    7.462482] systemd[1]: Mounted Huge Pages File System.
[[0;32m  OK  [0m] Mounted Huge Pages File System.
[    7.464179] systemd[1]: Mounted POSIX Message Queue File System.
[[0;32m  OK  [0m] Mounted POSIX Message Queue File System.
[    7.465955] systemd[1]: Mounted Debug File System.
[[0;32m  OK  [0m] Mounted Debug File System.
[    7.467947] systemd[1]: Started Load Kernel Modules.
[[0;32m  OK  [0m] Started Load Kernel Modules.
[    7.470410] systemd[1]: Started Create list of required static device nodes for the current kernel.
[[0;32m  OK  [0m] Started Create list of required sta...ce nodes for the current kernel.
[    7.473536] systemd[1]: Started File System Check on Root Device.
[[0;32m  OK  [0m] Started File System Check on Root Device.
[    7.475764] systemd[1]: Started Set console keymap.
[[0;32m  OK  [0m] Started Set console keymap.
[    7.494749] systemd[1]: Started Uncomplicated firewall.
[[0;32m  OK  [0m] Started Uncomplicated firewall.
[    7.497695] systemd[1]: Started Journal Service.
[[0;32m  OK  [0m] Started Journal Service.
[[0;32m  OK  [0m] Started Nameserver information manager.
[[0;32m  OK  [0m] Started File System Check Daemon to report status.
[[0;32m  OK  [0m] Started LVM2 metadata daemon.
         Starting Remount Root and Kernel File Systems...
         Starting Create Static Device Nodes in /dev...
         Starting Apply Kernel Variables...
         Mounting FUSE Control File System...
[[0;32m  OK  [[    7.546697] EXT4-fs (sda1): re-mounted. Opts: (null)
0m] Mounted FUSE Control File System.
[[0;32m  OK  [0m] Started Remount Root and Kernel File Systems.
[[0;32m  OK  [0m] Started Create Static Device Nodes in /dev.
[[0;32m  OK  [0m] Started Apply Kernel Variables.
         Starting udev Kernel Device Manager...
         Starting Load/Save Random Seed...
         Starting udev Coldplug all Devices...
         Starting Flush Journal to Persistent Storage...
[[0;32m  OK  [0m] Started udev Kernel Device Manager.
[[0;32m  OK  [0m] Started Load/Save Random Seed.
[[0;32m  OK  [0m] Started Flush Journal to Persistent Storage.
[[0;32m  OK  [0m] Started udev Coldplug all Devices.
[[0;32m  OK  [0m] Started Dispatch Password Requests to Console Directory Watch.
[[0;32m  OK  [0m] Started Monitoring of LVM2 mirrors,...ng dmeventd or progress polling.
[[0;32m  OK  [0m] Reached target Local File Systems (Pre).
[[0;32m  OK  [0m] Reached target Local File Systems.
         Starting Initial cloud-init job (pre-networking)...
         Starting Commit a transient machine-id on disk...
         Starting Create Volatile Files and Directories...
         Starting Set console font and keymap...
         Starting Tell Plymouth To Write Out Runtime Data...
         Starting LSB: AppArmor initialization...
[[0;32m  OK  [0m] Found device /dev/ttyS0.
[[0;32m  OK  [0m] Started Create Volatile Files and Directories.
[[0;32m  OK  [0m] Started Tell Plymouth To Write Out Runtime Data.
         Starting Update UTMP about System Boot/Shutdown...
[[0;32m  OK  [0m] Started Commit a transient machine-id on disk.
[[0;32m  OK  [0m] Started Update UTMP about System Boot/Shutdown.
[[0;32m  OK  [0m] Listening on Load/Save RF Kill Switch Status /dev/rfkill Watch.
[[0;32m  OK  [0m] Started LSB: AppArmor initialization.
[    7.798950] cloud-init[490]: Cloud-init v. 21.1-19-gbad84ad4-0ubuntu1~16.04.2 running 'init-local' at Sun, 12 Dec 2021 10:13:40 +0000. Up 7.49 seconds.
         Starting Load AppArmor profiles managed internally by snapd...
[[0;32m  OK  [0m] Started Initial cloud-init job (pre-networking).
[[0;32m  OK  [0m] Started Load AppArmor profiles managed internally by snapd.
[[0;32m  OK  [0m] Reached target Network (Pre).
         Starting Raise network interfaces...
[[0;32m  OK  [0m] Started Set console font and keymap.
[[0;32m  OK  [0m] Created slice system-getty.slice.
[[0;32m  OK  [0m] Started Raise network interfaces.
[[0;32m  OK  [0m] Reached target Network.
         Starting Initial cloud-init job (metadata service crawler)...
[    9.048074] cloud-init[965]: Cloud-init v. 21.1-19-gbad84ad4-0ubuntu1~16.04.2 running 'init' at Sun, 12 Dec 2021 10:13:41 +0000. Up 8.52 seconds.
[    9.052660] cloud-init[965]: ci-info: ++++++++++++++++++++++++++++++++++++++Net device info+++++++++++++++++++++++++++++++++++++++
[    9.054062] cloud-init[965]: ci-info: +--------+-------+----------------------------+---------------+--------+-------------------+
[    9.055477] cloud-init[965]: ci-info: | Device |   Up  |          Address           |      Mask     | Scope  |     Hw-Address    |
[    9.056956] cloud-init[965]: ci-info: +--------+-------+----------------------------+---------------+--------+-------------------+
[    9.060035] cloud-init[965]: ci-info: | enp0s3 |  True |         10.0.2.15          | 255.255.255.0 | global | 02:be:82:6b:cc:1d |
[    9.061678] cloud-init[965]: ci-info: | enp0s3 |  True | fe80::be:82ff:fe6b:cc1d/64 |       .       |  link  | 02:be:82:6b:cc:1d |
[    9.063632] cloud-init[965]: ci-info: | enp0s8 | False |             .              |       .       |   .    | 08:00:27:aa:c6:b2 |
[    9.068126] cloud-init[965]: ci-info: |   lo   |  True |         127.0.0.1          |   255.0.0.0   |  host  |         .         |
[    9.077837] cloud-init[965]: ci-info: |   lo   |  True |          ::1/128           |       .       |  host  |         .         |
[    9.102713] cloud-init[965]: ci-info: +--------+-------+----------------------------+---------------+--------+-------------------+
[    9.102901] cloud-init[965]: ci-info: +++++++++++++++++++++++++++Route IPv4 info++++++++++++++++++++++++++++
[    9.103024] cloud-init[965]: ci-info: +-------+-------------+----------+---------------+-----------+-------+
[    9.103150] cloud-init[965]: ci-info: | Route | Destination | Gateway  |    Genmask    | Interface | Flags |
[    9.103261] cloud-init[965]: ci-info: +-------+-------------+----------+---------------+-----------+-------+
[    9.103383] cloud-init[965]: ci-info: |   0   |   0.0.0.0   | 10.0.2.2 |    0.0.0.0    |   enp0s3  |   UG  |
[    9.103533] cloud-init[965]: ci-info: |   1   |   10.0.2.0  | 0.0.0.0  | 255.255.255.0 |   enp0s3  |   U   |
[    9.103646] cloud-init[965]: ci-info: +-------+-------------+----------+---------------+-----------+-------+
[    9.103767] cloud-init[965]: ci-info: +++++++++++++++++++Route IPv6 info+++++++++++++++++++
[    9.103890] cloud-init[965]: ci-info: +-------+-------------+---------+-----------+-------+
[    9.104012] cloud-init[965]: ci-info: | Route | Destination | Gateway | Interface | Flags |
[    9.104279] cloud-init[965]: ci-info: +-------+-------------+---------+-----------+-------+
[    9.104394] cloud-init[965]: ci-info: |   0   |  fe80::/64  |    ::   |   enp0s3  |   U   |
[    9.104510] cloud-init[965]: ci-info: |   3   |   ff00::/8  |    ::   |   enp0s3  |   U   |
[    9.104628] cloud-init[965]: ci-info: +-------+-------------+---------+-----------+-------+
[    9.104738] cloud-init[965]: Generating public/private rsa key pair.
[    9.104870] cloud-init[965]: Your identification has been saved in /etc/ssh/ssh_host_rsa_key.
[    9.104982] cloud-init[965]: Your public key has been saved in /etc/ssh/ssh_host_rsa_key.pub.
[    9.105099] cloud-init[965]: The key fingerprint is:
[    9.105218] cloud-init[965]: SHA256:CkUmqv18ss5ENQp4fsOMfuZ/YbA8qCCd3fcSE4Dlk6k root@ubuntu-xenial
[    9.105343] cloud-init[965]: The key's randomart image is:
[    9.105461] cloud-init[965]: +---[RSA 2048]----+
[    9.105581] cloud-init[965]: |    .o+          |
[    9.105699] cloud-init[965]: | . ..=.o         |
[    9.105979] cloud-init[965]: |. +   O.         |
[    9.106095] cloud-init[965]: | = = =.o.        |
[    9.106214] cloud-init[965]: |..+oE+ oS.       |
[    9.106330] cloud-init[965]: |o.o=oo=.*        |
[    9.106448] cloud-init[965]: |....B o+ =       |
[    9.106570] cloud-init[965]: |  .* +  o .      |
[[0;32m  OK  [0m] Started Initial cloud-init job (metadata service crawler).
[    9.106731] cloud-init[965]: |   .=... .       |
[    9.192702] cloud-init[965]: +----[SHA256]-----+
[    9.192990] cloud-init[965]: Generating public/private dsa key pair.
[    9.193136] cloud-init[965]: Your identification has been saved in /etc/ssh/ssh_host_dsa_key.
[    9.193278] cloud-init[965]: Your public key has been saved in /etc/ssh/ssh_host_dsa_key.pub.
[    9.193424] cloud-init[965]: The key fingerprint is:
[    9.193570] cloud-init[965]: SHA256:XawfJzMXcaUNIPMbiN2o/t/kQW+n9TY/qeVvADqJ0ic root@ubuntu-xenial
[    9.193747] cloud-init[965]: The key's randomart image is:
[    9.193893] cloud-init[965]: +---[DSA 1024]----+
[    9.193926] cloud-init[965]: |          o ..o +|
[    9.193958] cloud-init[965]: |         o O   * |
[    9.193999] cloud-init[965]: |        . + * o .|
[[    9.194032] [0;32m  OK  [0mcloud-init] [965]: Reached target Network is Online.|         o o.o . |

[    9.194068] cloud-init[965]: |       .S.oo*.+  |
[    9.214911] cloud-init[965]: |      ..E =. O.. |
[    9.215815] cloud-init[965]: |       ..o .. oo*|
[    9.216766] cloud-init[965]: |         .   +oO=|
[    9.217719] cloud-init[965]: |          ....=+O|
[    9.221925] cloud-init[965]: +----[SHA256]-----+
[    9.222791] cloud-init[965]: Generating public/private ecdsa key pair.
[    9.230358] cloud-init[965]: Your identification has been saved in /etc/ssh/ssh_host_ecdsa_key.
[    9.230632] cloud-init[965]: Your public key has been saved in /etc/ssh/ssh_host_ecdsa_key.pub.
[    9.230751] cloud-init[965]: The key fingerprint is:
[    9.230864] cloud-init[965]: SHA256:f0eYHY9GKeMSOlxKvHyvncjzim7u/N2aWuxjhdQSpYo root@ubuntu-xenial
[    9.230981] cloud-init[965]: The key's randomart image is:
[    9.231097] cloud-init[965]: +---[ECDSA 256]---+
[    9.231213] cloud-init[965]: |             ..  |
[    9.231331] cloud-init[965]: |       .    .. . |
[    9.231446] cloud-init[965]: |        o o +o+  |
[    9.231564] cloud-init[965]: |       + * +oB.+ |
[    9.231686] cloud-init[965]: |        E +.+o= .|
[    9.231796] cloud-init[965]: |         + +.o.  |
[    9.231912] cloud-init[965]: |          . =..  |
[    9.232069] cloud-init[965]: |       ..o.Oo=   |
[    9.232150] cloud-init[965]: |       =*.B*Oo.  |
[    9.232263] cloud-init[965]: +----[SHA256]-----+
[    9.232391] cloud-init[965]: Generating public/private ed25519 key pair.
[    9.232517] cloud-init[965]: Your identification has been saved in /etc/ssh/ssh_host_ed25519_key.
[    9.232632] cloud-init[965]: Your public key has been saved in /etc/ssh/ssh_host_ed25519_key.pub.
[    9.232801] cloud-init[965]: The key fingerprint is:
[    9.232837] cloud-init[965]: SHA256:3TvMN1AmFEpaLAXEqeoVzrlH50ksPvz2K3UzrWqD/r8 root@ubuntu-xenial
[    9.232871] cloud-init[965]: The key's randomart image is:
[    9.232915] cloud-init[965]: +--[ED25519 256]--+
[    9.232954] cloud-init[965]: |       oo=+ o.   |
[    9.232991] cloud-init[965]: |        ++.o     |
         Starting iSCSI initiator daemon (iscsid)...
[[    9.233218] cloud-init[965]: |       .... . o  |
[    9.260533] cloud-init[965]: |      o  . . +   |
[0;32m  OK  [0m] Reached target Cloud-config availability.
[[    9.260599] cloud-init[965]: |     + oS.. o  . |
[    9.269643] cloud-init[965]: |    . = o +o.o+ .|
[    9.269716] cloud-init[965]: |   . . = = +=.o+ |
[    9.269847] cloud-init[965]: |    . . = * oo.. |
[    9.269975] cloud-init[965]: |       . =o===E. |
[    9.270083] cloud-init[965]: +----[SHA256]-----+
[0;32m  OK  [0m] Reached target System Initialization.
[[0;32m  OK  [0m] Started Message of the Day.
[[0;32m  OK  [0m] Listening on D-Bus System Message Bus Socket.
[[0;32m  OK  [0m] Started ACPI Events Check.
[[0;32m  OK  [0m] Reached target Paths.
[[0;32m  OK  [0m] Listening on ACPID Listen Socket.
[[0;32m  OK  [0m] Started Ubuntu Advantage update messaging.
         Starting LXD - unix socket.
[[0;32m  OK  [0m] Listening on UUID daemon activation socket.
[[0;32m  OK  [0m] Started Daily apt download activities.
[[0;32m  OK  [0m] Started Daily apt upgrade and clean activities.
[[0;32m  OK  [0m] Started Daily Cleanup of Temporary Directories.
[[0;32m  OK  [0m] Reached target Timers.
         Starting Socket activation for snappy daemon.
[[0;32m  OK  [0m] Listening on LXD - unix socket.
[[0;32m  OK  [0m] Listening on Socket activation for snappy daemon.
[[0;32m  OK  [0m] Started iSCSI initiator daemon (iscsid).
         Starting Login to default iSCSI targets...
[[0;32m  OK  [0m] Reached target Sockets.
[[0;32m  OK  [0m] Reached target Basic System.
         Starting LSB: Record successful boot for GRUB...
[[0;32m  OK  [0m] Started Deferred execution scheduler.
         Starting Pollinate to seed the pseudo random number generator...
[[0;32m  OK  [0m] Started D-Bus System Message Bus.
         Starting System Logging Service...
[[0;32m  OK  [0m] Started FUSE filesystem for LXC.
[[0;32m  OK  [0m] Started Regular background program processing daemon.
         Starting LXD - container startup/shutdown...
         Starting Accounts Service...
         Starting Snap Daemon...
[[0;32m  OK  [0m] Started ACPI event daemon.
         Starting Login Service...
         Starting LSB: MD monitoring daemon...
         Starting /etc/rc.local Compatibility...
         Starting Virtualbox guest utils...
[[0;32m  OK  [0m] Started System Logging Service.
[[0;32m  OK  [0m] Started /etc/rc.local Compatibility.
[[0;32m  OK  [0m] Started LSB: Record successful boot for GRUB.
[[0;32m  OK  [0m] Started Login Service.
[[0;32m  OK  [0m] Started Login to default iSCSI targets.
[[0;32m  OK  [0m] Started LXD - container startup/shutdown.
[[0;32m  OK  [0m] Started LSB: MD monitoring daemon.
[[0;32m  OK  [0m] Reached target Remote File Systems (Pre).
[[0;32m  OK  [0m] Reached target Remote File Systems.
         Starting LSB: automatic crash report generation...
         Starting Permit User Sessions...
         Starting LSB: Set the CPU Frequency Scaling governor to "ondemand"...
         Starting LSB: daemon to balance interrupts for SMP systems...
[[0;32m  OK  [0m] Started Unattended Upgrades Shutdown.
         Starting Authenticate and Authorize Users to Run Privileged Tasks...
[[0;32m  OK  [0m] Started Virtualbox guest utils.
[[0;32m  OK  [0m] Started Permit User Sessions.
[[0;32m  OK  [0m] Started Authenticate and Authorize Users to Run Privileged Tasks.
[[0;32m  OK  [0m] Started Accounts Service.
         Starting Terminate Plymouth Boot Screen...
         Starting Hold until boot process finishes up...
[[0;32m  OK  [0m] Started Hold until boot process finishes up.
[[0;32m  OK  [0m] Started Serial Getty on ttyS0.
[[0;32m  OK  [0m] Started Getty on tty1.
[[0;32m  OK  [0m] Reached target Login Prompts.
         Starting Set console scheme...
[[0;32m  OK  [0m] Started Snap Daemon.
[[0;32m  OK  [0m] Started LSB: automatic crash report generation.
[[0;32m  OK  [0m] Started LSB: Set the CPU Frequency Scaling governor to "ondemand".
[[0;32m  OK  [0m] Started LSB: daemon to balance interrupts for SMP systems.
[[0;32m  OK  [0m] Started Terminate Plymouth Boot Screen.
[[0;32m  OK  [0m] Started Set console scheme.
         Starting Wait until snapd is fully seeded...
[[0;32m  OK  [0m] Started Pollinate to seed the pseudo random number generator.
         Starting OpenBSD Secure Shell server...
[[0;32m  OK  [0m] Started OpenBSD Secure Shell server.
[[0;32m  OK  [0m] Created slice User Slice of vagrant.
         Starting User Manager for UID 1000...
[[0;32m  OK  [0m] Started Session 1 of user vagrant.
[[0;32m  OK  [0m] Started User Manager for UID 1000.

Ubuntu 16.04.7 LTS ubuntu-agent ttyS0

ubuntu-agent login: [   18.623781] cloud-init[1984]: Generating locales (this might take a while)...
[   19.243370] cloud-init[1984]:   en_US.UTF-8... done
[   19.243893] cloud-init[1984]: Generation complete.
[   19.444154] cloud-init[1984]: Cloud-init v. 21.1-19-gbad84ad4-0ubuntu1~16.04.2 running 'modules:config' at Sun, 12 Dec 2021 10:13:51 +0000. Up 18.53 seconds.
ci-info: no authorized SSH keys fingerprints found for user ubuntu.
<14>Dec 12 10:13:52 ec2: 
<14>Dec 12 10:13:52 ec2: #############################################################
<14>Dec 12 10:13:52 ec2: -----BEGIN SSH HOST KEY FINGERPRINTS-----
<14>Dec 12 10:13:52 ec2: 1024 SHA256:XawfJzMXcaUNIPMbiN2o/t/kQW+n9TY/qeVvADqJ0ic root@ubuntu-xenial (DSA)
<14>Dec 12 10:13:52 ec2: 256 SHA256:f0eYHY9GKeMSOlxKvHyvncjzim7u/N2aWuxjhdQSpYo root@ubuntu-xenial (ECDSA)
<14>Dec 12 10:13:52 ec2: 256 SHA256:3TvMN1AmFEpaLAXEqeoVzrlH50ksPvz2K3UzrWqD/r8 root@ubuntu-xenial (ED25519)
<14>Dec 12 10:13:52 ec2: 2048 SHA256:CkUmqv18ss5ENQp4fsOMfuZ/YbA8qCCd3fcSE4Dlk6k root@ubuntu-xenial (RSA)
<14>Dec 12 10:13:52 ec2: -----END SSH HOST KEY FINGERPRINTS-----
<14>Dec 12 10:13:52 ec2: #############################################################
-----BEGIN SSH HOST KEY KEYS-----
ecdsa-sha2-nistp256 AAAAE2VjZHNhLXNoYTItbmlzdHAyNTYAAAAIbmlzdHAyNTYAAABBBGZ2sBcChwQW1KzUHE2RXOr4zKhY2YF6tReSTyratgAL8HwejIwhB+1eeUhX9QGafPlhI9LEI+Xn6zqO1hWae7E= root@ubuntu-xenial
ssh-ed25519 AAAAC3NzaC1lZDI1NTE5AAAAIEtP7rDawBymWtH5LIjXbDUZ2E8BK70Ht9sXNbbnZgnt root@ubuntu-xenial
ssh-rsa AAAAB3NzaC1yc2EAAAADAQABAAABAQC4HNY6jAlRt8fUV6YXety8577IcQcXaxUP4Fih8wKG0h6HXlVbi6hZaJ58mN2HhHhZpFIJwoTk5Hj2JGYEG+cmeOhvxXYEUXzdM7hIFpNSK6F2Qw0GB4swEX+gveZTYp5t8C/bpqeOy26dabeM25ZjSMZ1G5/nJVPKkeDhvkBq/X029gb69tPH+VkWI3DfwNoN7GWA1kJwrTKq9RahZc1f1JqBgF6d91HC7xF4w2xheVtaRSFYF2b4upL4GyMLs2YCEDVG0Y+nfQg+kpP/VB6YyktIicmLLFVxdbtP4gySEcGqz+ECbI7Xh5rM597ChqHK6z+z6CjxdLJ49oijJF/N root@ubuntu-xenial
-----END SSH HOST KEY KEYS-----
[   19.820213] cloud-init[2027]: Cloud-init v. 21.1-19-gbad84ad4-0ubuntu1~16.04.2 running 'modules:final' at Sun, 12 Dec 2021 10:13:52 +0000. Up 19.71 seconds.
[   19.820399] cloud-init[2027]: ci-info: no authorized SSH keys fingerprints found for user ubuntu.
[   19.820506] cloud-init[2027]: Cloud-init v. 21.1-19-gbad84ad4-0ubuntu1~16.04.2 finished at Sun, 12 Dec 2021 10:13:52 +0000. Datasource DataSourceNoCloud [seed=/dev/sdb][dsmode=net].  Up 19.81 seconds
